<?xml version="1.0" encoding="UTF-8"?>
<!-- Generated by org.testng.reporters.JUnitXMLReporter -->
<testsuite ignored="0" hostname="bastion-windows" failures="1" tests="1" name="Accept Screening Form" time="108.817" errors="0" timestamp="2022-12-15T10:02:55 UTC">
  <testcase classname="tests.AcceptScreeningFormByATSM" name="taskReviewApproveScreeningFormATM" time="100.609">
    <failure type="java.lang.AssertionError" message="expected [false] but found [true]">
      <![CDATA[java.lang.AssertionError: expected [false] but found [true]
at pageFactory.SuccessPageElements.validateReviewScreeningFormTaskCompleted(SuccessPageElements.java:126)
at tests.AcceptScreeningFormByATSM.taskReviewApproveScreeningFormATM(AcceptScreeningFormByATSM.java:127)
at java.base/java.util.ArrayList.forEach(ArrayList.java:1511)
... Removed 33 stack frames]]>
    </failure>
  </testcase> <!-- taskReviewApproveScreeningFormATM -->
</testsuite> <!-- Accept Screening Form -->
