<?xml version="1.0" encoding="UTF-8"?>
<testng-results ignored="0" total="2" passed="2" failed="0" skipped="0">
  <reporter-output>
  </reporter-output>
  <suite started-at="2022-12-08T10:00:07 UTC" name="Suite" finished-at="2022-12-08T10:01:39 UTC" duration-ms="92378">
    <groups>
    </groups>
    <test started-at="2022-12-08T10:00:07 UTC" name="RDIF Creation" finished-at="2022-12-08T10:01:04 UTC" duration-ms="56923">
      <class name="tests.RDIFCreation">
        <test-method is-config="true" signature="setUp()[pri:0, instance:tests.RDIFCreation@f0c8a99]" started-at="2022-12-08T10:00:07 UTC" name="setUp" finished-at="2022-12-08T10:00:12 UTC" duration-ms="5507" status="PASS">
          <reporter-output>
          </reporter-output>
        </test-method> <!-- setUp -->
        <test-method is-config="true" signature="beforeTest()[pri:0, instance:tests.RDIFCreation@f0c8a99]" started-at="2022-12-08T10:00:12 UTC" name="beforeTest" finished-at="2022-12-08T10:00:13 UTC" duration-ms="58" status="PASS">
          <reporter-output>
          </reporter-output>
        </test-method> <!-- beforeTest -->
        <test-method signature="createProjectRDIF()[pri:0, instance:tests.RDIFCreation@f0c8a99]" started-at="2022-12-08T10:00:13 UTC" name="createProjectRDIF" finished-at="2022-12-08T10:01:04 UTC" duration-ms="51104" status="PASS">
          <reporter-output>
          </reporter-output>
        </test-method> <!-- createProjectRDIF -->
        <test-method is-config="true" signature="endTest()[pri:0, instance:tests.RDIFCreation@f0c8a99]" started-at="2022-12-08T10:01:04 UTC" name="endTest" finished-at="2022-12-08T10:01:04 UTC" duration-ms="201" status="PASS">
          <reporter-output>
          </reporter-output>
        </test-method> <!-- endTest -->
      </class> <!-- tests.RDIFCreation -->
    </test> <!-- RDIF Creation -->
    <test started-at="2022-12-08T10:01:04 UTC" name="SRF" finished-at="2022-12-08T10:01:39 UTC" duration-ms="35332">
      <class name="tests.SurveyRequestForm">
        <test-method is-config="true" signature="beforeSuite()[pri:0, instance:tests.SurveyRequestForm@75437611]" started-at="2022-12-08T10:00:06 UTC" name="beforeSuite" finished-at="2022-12-08T10:00:07 UTC" duration-ms="425" status="PASS">
          <reporter-output>
          </reporter-output>
        </test-method> <!-- beforeSuite -->
        <test-method is-config="true" signature="setUp()[pri:0, instance:tests.SurveyRequestForm@75437611]" started-at="2022-12-08T10:01:04 UTC" name="setUp" finished-at="2022-12-08T10:01:07 UTC" duration-ms="2568" status="PASS">
          <reporter-output>
          </reporter-output>
        </test-method> <!-- setUp -->
        <test-method is-config="true" signature="beforeTest()[pri:0, instance:tests.SurveyRequestForm@75437611]" started-at="2022-12-08T10:01:07 UTC" name="beforeTest" finished-at="2022-12-08T10:01:07 UTC" duration-ms="14" status="PASS">
          <reporter-output>
          </reporter-output>
        </test-method> <!-- beforeTest -->
        <test-method signature="taskSurveyRequest()[pri:0, instance:tests.SurveyRequestForm@75437611]" started-at="2022-12-08T10:01:07 UTC" name="taskSurveyRequest" finished-at="2022-12-08T10:01:39 UTC" duration-ms="32496" status="PASS">
          <reporter-output>
          </reporter-output>
        </test-method> <!-- taskSurveyRequest -->
        <test-method is-config="true" signature="endTest()[pri:0, instance:tests.SurveyRequestForm@75437611]" started-at="2022-12-08T10:01:39 UTC" name="endTest" finished-at="2022-12-08T10:01:39 UTC" duration-ms="248" status="PASS">
          <reporter-output>
          </reporter-output>
        </test-method> <!-- endTest -->
        <test-method is-config="true" signature="afterSuitre()[pri:0, instance:tests.SurveyRequestForm@75437611]" started-at="2022-12-08T10:01:39 UTC" name="afterSuitre" finished-at="2022-12-08T10:01:40 UTC" duration-ms="530" status="PASS">
          <reporter-output>
          </reporter-output>
        </test-method> <!-- afterSuitre -->
      </class> <!-- tests.SurveyRequestForm -->
    </test> <!-- SRF -->
  </suite> <!-- Suite -->
</testng-results>
